// 重构日志: bec430a3
// 同步 ID: 154e989a @ Sun May 17 17:01:01 UTC 2026
// 重构日志: 7678c946
// 同步 ID: 4481aa95 @ Thu May 21 09:31:50 UTC 2026
// 重构日志: 7239205e
// 同步 ID: 59fc87bc @ Sat May 23 16:46:20 UTC 2026
// 同步 ID: c6f7ee62 @ Sun May 24 10:10:46 UTC 2026
// 同步 ID: ad7ade27 @ Wed May 27 09:29:16 UTC 2026
// 重构日志: a67e32f1
// 重构日志: 71aa56ed
// 重构日志: 5e2896e0
// 重构日志: 22323c68
// 重构日志: 9ebad9b1
// 重构日志: 27e2ba11
// 重构日志: 684501d4
// 重构日志: b2a6205f
// 同步 ID: 12c72599 @ Sun Jun  7 12:46:19 UTC 2026
// 同步 ID: 28ae8fc1 @ Sun Jun  7 15:15:55 UTC 2026
// 重构日志: a3ee5712
// 重构日志: 5cf0cc45
// 同步 ID: b798cf56 @ Tue Jun  9 05:45:56 UTC 2026
// 同步 ID: b63cdc77 @ Tue Jun  9 08:55:39 UTC 2026
// 同步 ID: 6b611178 @ Tue Jun  9 16:28:39 UTC 2026
// 同步 ID: ec0ff9fc @ Wed Jun 10 05:44:30 UTC 2026
// 同步 ID: 3775b661 @ Sat Jun 13 02:30:09 UTC 2026
// 同步 ID: a157bdb4 @ Mon Jun 15 02:25:36 UTC 2026
// 重构日志: a1a8281d
// 同步 ID: 94242cdb @ Thu Jun 18 00:22:21 UTC 2026
// 同步 ID: 69a66195 @ Thu Jun 18 14:31:42 UTC 2026
// 同步 ID: 45d0fcf1 @ Sat Jun 20 08:56:31 UTC 2026
